0 info it worked if it ends with ok
1 verbose cli [ '/Users/yichizhang/.nvm/versions/node/v0.12.4/bin/node',
1 verbose cli   '/Users/yichizhang/.nvm/versions/node/v0.12.4/bin/npm',
1 verbose cli   'start' ]
2 info using npm@2.10.1
3 info using node@v0.12.4
4 verbose stack Error: missing script: start
4 verbose stack     at run (/Users/yichizhang/.nvm/versions/node/v0.12.4/lib/node_modules/npm/lib/run-script.js:142:19)
4 verbose stack     at /Users/yichizhang/.nvm/versions/node/v0.12.4/lib/node_modules/npm/lib/run-script.js:58:5
4 verbose stack     at /Users/yichizhang/.nvm/versions/node/v0.12.4/lib/node_modules/npm/node_modules/read-package-json/read-json.js:345:5
4 verbose stack     at checkBinReferences_ (/Users/yichizhang/.nvm/versions/node/v0.12.4/lib/node_modules/npm/node_modules/read-package-json/read-json.js:309:45)
4 verbose stack     at final (/Users/yichizhang/.nvm/versions/node/v0.12.4/lib/node_modules/npm/node_modules/read-package-json/read-json.js:343:3)
4 verbose stack     at then (/Users/yichizhang/.nvm/versions/node/v0.12.4/lib/node_modules/npm/node_modules/read-package-json/read-json.js:113:5)
4 verbose stack     at /Users/yichizhang/.nvm/versions/node/v0.12.4/lib/node_modules/npm/node_modules/read-package-json/read-json.js:232:12
4 verbose stack     at evalmachine.<anonymous>:334:14
4 verbose stack     at /Users/yichizhang/.nvm/versions/node/v0.12.4/lib/node_modules/npm/node_modules/graceful-fs/graceful-fs.js:102:5
4 verbose stack     at FSReqWrap.oncomplete (evalmachine.<anonymous>:95:15)
5 verbose cwd /Users/yichizhang/workspace/frontEnd/react/redux-tutorial
6 error Darwin 14.4.0
7 error argv "/Users/yichizhang/.nvm/versions/node/v0.12.4/bin/node" "/Users/yichizhang/.nvm/versions/node/v0.12.4/bin/npm" "start"
8 error node v0.12.4
9 error npm  v2.10.1
10 error missing script: start
11 error If you need help, you may report this error at:
11 error     <https://github.com/npm/npm/issues>
12 verbose exit [ 1, true ]
